GAS LISTING C:\DOCUME~1\DNadler\LOCALS~1\Temp/cca4paaa.s 			page 1


   1              		.section .mdebug.abi32
   2              		.previous
   3              		.gnu_attribute 4, 3
  11              	.Ltext0:
  12              		.align	2
  13              		.globl	INTRestoreInterrupts
  14              	.LFB3:
  15              		.file 1 "Microchip_Peripherals/int_restore_interrupts_lib.c"
   1:Microchip_Peripherals/int_restore_interrupts_lib.c **** /********************************************************************
   2:Microchip_Peripherals/int_restore_interrupts_lib.c ****  * FileName:		int_restore_interrupts_lib.c
   3:Microchip_Peripherals/int_restore_interrupts_lib.c ****  * Dependencies:
   4:Microchip_Peripherals/int_restore_interrupts_lib.c ****  * Processor:		PIC32
   5:Microchip_Peripherals/int_restore_interrupts_lib.c ****  * Hardware:		N/A
   6:Microchip_Peripherals/int_restore_interrupts_lib.c ****  * Assembler:		N/A
   7:Microchip_Peripherals/int_restore_interrupts_lib.c ****  * Linker:		    N/A
   8:Microchip_Peripherals/int_restore_interrupts_lib.c ****  * Company:		    Microchip Technology Inc..
   9:Microchip_Peripherals/int_restore_interrupts_lib.c ****  *
  10:Microchip_Peripherals/int_restore_interrupts_lib.c ****  * Software License Agreement:
  11:Microchip_Peripherals/int_restore_interrupts_lib.c ****  * The software supplied herewith by Microchip Technology Incorporated
  12:Microchip_Peripherals/int_restore_interrupts_lib.c ****  * (the “Company”) for its PICmicro® Microcontroller is intended and
  13:Microchip_Peripherals/int_restore_interrupts_lib.c ****  * supplied to you, the Company’s customer, for use solely and
  14:Microchip_Peripherals/int_restore_interrupts_lib.c ****  * exclusively on Microchip PICmicro Microcontroller products. The
  15:Microchip_Peripherals/int_restore_interrupts_lib.c ****  * software is owned by the Company and/or its supplier, and is
  16:Microchip_Peripherals/int_restore_interrupts_lib.c ****  * protected under applicable copyright laws. All rights are reserved.
  17:Microchip_Peripherals/int_restore_interrupts_lib.c ****  * Any use in violation of the foregoing restrictions may subject the
  18:Microchip_Peripherals/int_restore_interrupts_lib.c ****  * user to criminal sanctions under applicable laws, as well as to
  19:Microchip_Peripherals/int_restore_interrupts_lib.c ****  * civil liability for the breach of the terms and conditions of this
  20:Microchip_Peripherals/int_restore_interrupts_lib.c ****  * license.
  21:Microchip_Peripherals/int_restore_interrupts_lib.c ****  *
  22:Microchip_Peripherals/int_restore_interrupts_lib.c ****  * THIS SOFTWARE IS PROVIDED IN AN “AS IS” CONDITION. NO WARRANTIES,
  23:Microchip_Peripherals/int_restore_interrupts_lib.c ****  * WHETHER EXPRESS, IMPLIED OR STATUTORY, INCLUDING, BUT NOT LIMITED
  24:Microchip_Peripherals/int_restore_interrupts_lib.c ****  * TO, IMPLIED WARRANTIES OF MERCHANTABILITY AND FITNESS FOR A
  25:Microchip_Peripherals/int_restore_interrupts_lib.c ****  * PARTICULAR PURPOSE APPLY TO THIS SOFTWARE. THE COMPANY SHALL NOT,
  26:Microchip_Peripherals/int_restore_interrupts_lib.c ****  * IN ANY CIRCUMSTANCES, BE LIABLE FOR SPECIAL, INCIDENTAL OR
  27:Microchip_Peripherals/int_restore_interrupts_lib.c ****  * CONSEQUENTIAL DAMAGES, FOR ANY REASON WHATSOEVER.
  28:Microchip_Peripherals/int_restore_interrupts_lib.c ****  *
  29:Microchip_Peripherals/int_restore_interrupts_lib.c ****  * $Id: int_restore_interrupts_lib.c 3048 2007-04-19 16:33:08Z rajbhartin $
  30:Microchip_Peripherals/int_restore_interrupts_lib.c ****  * $Name:  $
  31:Microchip_Peripherals/int_restore_interrupts_lib.c **** 
  32:Microchip_Peripherals/int_restore_interrupts_lib.c ****  ********************************************************************/
  33:Microchip_Peripherals/int_restore_interrupts_lib.c **** 
  34:Microchip_Peripherals/int_restore_interrupts_lib.c **** #include <p32xxxx.h>
  35:Microchip_Peripherals/int_restore_interrupts_lib.c **** #include <peripheral/int.h>
  36:Microchip_Peripherals/int_restore_interrupts_lib.c **** 
  37:Microchip_Peripherals/int_restore_interrupts_lib.c **** /*********************************************************************
  38:Microchip_Peripherals/int_restore_interrupts_lib.c ****  * Function:        INTRestoreInterrupts(unsigned int status)
  39:Microchip_Peripherals/int_restore_interrupts_lib.c ****  *
  40:Microchip_Peripherals/int_restore_interrupts_lib.c ****  * PreCondition:    None
  41:Microchip_Peripherals/int_restore_interrupts_lib.c ****  *
  42:Microchip_Peripherals/int_restore_interrupts_lib.c ****  * Input:           value of the status registor
  43:Microchip_Peripherals/int_restore_interrupts_lib.c ****  *
  44:Microchip_Peripherals/int_restore_interrupts_lib.c ****  * Output:
  45:Microchip_Peripherals/int_restore_interrupts_lib.c ****  *
  46:Microchip_Peripherals/int_restore_interrupts_lib.c ****  * Side Effects:    Interrupts are restored to previous state
  47:Microchip_Peripherals/int_restore_interrupts_lib.c ****  *
  48:Microchip_Peripherals/int_restore_interrupts_lib.c ****  * Overview:        Interrupts are enabled by setting the IE bit
  49:Microchip_Peripherals/int_restore_interrupts_lib.c ****  *                  in the status register
GAS LISTING C:\DOCUME~1\DNadler\LOCALS~1\Temp/cca4paaa.s 			page 2


  50:Microchip_Peripherals/int_restore_interrupts_lib.c ****  ********************************************************************/
  51:Microchip_Peripherals/int_restore_interrupts_lib.c **** void __attribute__((nomips16))  INTRestoreInterrupts(unsigned int status)
  52:Microchip_Peripherals/int_restore_interrupts_lib.c **** {
  16              		.loc 1 52 0
  17              		.set	nomips16
  18              		.ent	INTRestoreInterrupts
  19              	INTRestoreInterrupts:
  20              		.frame	$fp,8,$31		# vars= 0, regs= 1/0, args= 0, gp= 0
  21              		.mask	0x40000000,-4
  22              		.fmask	0x00000000,0
  23 0000 F8FFBD27 		addiu	$sp,$sp,-8
  24              	.LCFI0:
  25 0004 0400BEAF 		sw	$fp,4($sp)
  26              	.LCFI1:
  27 0008 21F0A003 		move	$fp,$sp
  28              	.LCFI2:
  29 000c 0800C4AF 		sw	$4,8($fp)
  53:Microchip_Peripherals/int_restore_interrupts_lib.c ****     if(status & 0x00000001)
  30              		.loc 1 53 0
  31 0010 0800C28F 		lw	$2,8($fp)
  32 0014 01004230 		andi	$2,$2,0x1
  33 0018 FF004230 		andi	$2,$2,0x00ff
  34 001c 03004010 		beq	$2,$0,.L2
  34      00000000 
  54:Microchip_Peripherals/int_restore_interrupts_lib.c ****         asm volatile("ei");
  35              		.loc 1 54 0
  36              	 #APP
  37              	 # 54 "Microchip_Peripherals/int_restore_interrupts_lib.c" 1
  38 0024 0C000008 		ei
  39              	 # 0 "" 2
  40              	 #NO_APP
  41 0028 20606041 		j	.L4
  42              	.L2:
  55:Microchip_Peripherals/int_restore_interrupts_lib.c ****     else
  56:Microchip_Peripherals/int_restore_interrupts_lib.c ****         asm volatile("di");
  43              		.loc 1 56 0
  44              	 #APP
  45              	 # 56 "Microchip_Peripherals/int_restore_interrupts_lib.c" 1
  46 002c 00606041 		di
  47              	 # 0 "" 2
  48              	 #NO_APP
  49              	.L4:
  57:Microchip_Peripherals/int_restore_interrupts_lib.c **** }
  50              		.loc 1 57 0
  51 0030 21E8C003 		move	$sp,$fp
  52 0034 0400BE8F 		lw	$fp,4($sp)
  53 0038 0800E003 		addiu	$sp,$sp,8
  54 003c 0800BD27 		j	$31
  55              		.end	INTRestoreInterrupts
  56              	.LFE3:
  94              	.Letext0:
GAS LISTING C:\DOCUME~1\DNadler\LOCALS~1\Temp/cca4paaa.s 			page 3


DEFINED SYMBOLS
                            *ABS*:0000000000000000 Microchip_Peripherals/int_restore_interrupts_lib.c
C:\DOCUME~1\DNadler\LOCALS~1\Temp/cca4paaa.s:19     .text:0000000000000000 INTRestoreInterrupts

NO UNDEFINED SYMBOLS
