GAS LISTING C:\DOCUME~1\DNadler\LOCALS~1\Temp/cc2Fpaaa.s 			page 1


   1              		.section .mdebug.abi32
   2              		.previous
   3              		.gnu_attribute 4, 3
  11              	.Ltext0:
  12              		.align	2
  13              		.globl	CheKseg0CacheOff
  14              	.LFB2:
  15              		.file 1 "Microchip_Peripherals/pcache.c"
   1:Microchip_Peripherals/pcache.c **** /*********************************************************************
   2:Microchip_Peripherals/pcache.c ****  *
   3:Microchip_Peripherals/pcache.c ****  *                  pCache API definitions
   4:Microchip_Peripherals/pcache.c ****  *
   5:Microchip_Peripherals/pcache.c ****  *********************************************************************
   6:Microchip_Peripherals/pcache.c ****  * FileName:        pCache.c
   7:Microchip_Peripherals/pcache.c ****  * Dependencies:	p32xxxx.h
   8:Microchip_Peripherals/pcache.c ****  * Processor:       PIC32MX
   9:Microchip_Peripherals/pcache.c ****  *
  10:Microchip_Peripherals/pcache.c ****  * Complier:        C32
  11:Microchip_Peripherals/pcache.c ****  *
  12:Microchip_Peripherals/pcache.c ****  * Company:         Microchip Technology Inc..
  13:Microchip_Peripherals/pcache.c ****  *
  14:Microchip_Peripherals/pcache.c ****  * Software License Agreement
  15:Microchip_Peripherals/pcache.c ****  *
  16:Microchip_Peripherals/pcache.c ****  * The software supplied herewith by Microchip Technology Incorporated
  17:Microchip_Peripherals/pcache.c ****  * (the “Company”) for its PIC Microcontroller is intended
  18:Microchip_Peripherals/pcache.c ****  * and supplied to you, the Company’s customer, for use solely and
  19:Microchip_Peripherals/pcache.c ****  * exclusively on Microchip PIC Microcontroller products.
  20:Microchip_Peripherals/pcache.c ****  * The software is owned by the Company and/or its supplier, and is
  21:Microchip_Peripherals/pcache.c ****  * protected under applicable copyright laws. All rights are reserved.
  22:Microchip_Peripherals/pcache.c ****  * Any use in violation of the foregoing restrictions may subject the
  23:Microchip_Peripherals/pcache.c ****  * user to criminal sanctions under applicable laws, as well as to
  24:Microchip_Peripherals/pcache.c ****  * civil liability for the breach of the terms and conditions of this
  25:Microchip_Peripherals/pcache.c ****  * license.
  26:Microchip_Peripherals/pcache.c ****  *
  27:Microchip_Peripherals/pcache.c ****  * THIS SOFTWARE IS PROVIDED IN AN “AS IS” CONDITION. NO WARRANTIES,
  28:Microchip_Peripherals/pcache.c ****  * WHETHER EXPRESS, IMPLIED OR STATUTORY, INCLUDING, BUT NOT LIMITED
  29:Microchip_Peripherals/pcache.c ****  * TO, IMPLIED WARRANTIES OF MERCHANTABILITY AND FITNESS FOR A
  30:Microchip_Peripherals/pcache.c ****  * PARTICULAR PURPOSE APPLY TO THIS SOFTWARE. THE COMPANY SHALL NOT,
  31:Microchip_Peripherals/pcache.c ****  * IN ANY CIRCUMSTANCES, BE LIABLE FOR SPECIAL, INCIDENTAL OR
  32:Microchip_Peripherals/pcache.c ****  * CONSEQUENTIAL DAMAGES, FOR ANY REASON WHATSOEVER.
  33:Microchip_Peripherals/pcache.c ****  *
  34:Microchip_Peripherals/pcache.c ****  *
  35:Microchip_Peripherals/pcache.c ****  * $Id: pCache.h,v 1.5 2006/10/23 18:07:00 C13128 Exp $
  36:Microchip_Peripherals/pcache.c ****  *
  37:Microchip_Peripherals/pcache.c ****  ********************************************************************/
  38:Microchip_Peripherals/pcache.c **** #include <p32xxxx.h>
  39:Microchip_Peripherals/pcache.c **** 
  40:Microchip_Peripherals/pcache.c **** /*********************************************************************
  41:Microchip_Peripherals/pcache.c ****  * Function:        void CheKseg0CacheOff(void)
  42:Microchip_Peripherals/pcache.c ****  *
  43:Microchip_Peripherals/pcache.c ****  * PreCondition:    None
  44:Microchip_Peripherals/pcache.c ****  * Input:           None
  45:Microchip_Peripherals/pcache.c ****  * Output:          none
  46:Microchip_Peripherals/pcache.c ****  * Side Effects:    Sets the CCA field in the Config register of Co-
  47:Microchip_Peripherals/pcache.c ****  * 					processor 0 to the value "010"b
  48:Microchip_Peripherals/pcache.c ****  * Overview:        This routine is used to disable cacheability of KSEG0.
  49:Microchip_Peripherals/pcache.c ****  *
GAS LISTING C:\DOCUME~1\DNadler\LOCALS~1\Temp/cc2Fpaaa.s 			page 2


  50:Microchip_Peripherals/pcache.c ****  * Note:
  51:Microchip_Peripherals/pcache.c ****  *
  52:Microchip_Peripherals/pcache.c ****  ********************************************************************/
  53:Microchip_Peripherals/pcache.c **** void __attribute__ ((nomips16)) CheKseg0CacheOff()
  54:Microchip_Peripherals/pcache.c **** {
  16              		.loc 1 54 0
  17              		.set	nomips16
  18              		.ent	CheKseg0CacheOff
  19              	CheKseg0CacheOff:
  20              		.frame	$fp,16,$31		# vars= 8, regs= 1/0, args= 0, gp= 0
  21              		.mask	0x40000000,-4
  22              		.fmask	0x00000000,0
  23 0000 F0FFBD27 		addiu	$sp,$sp,-16
  24              	.LCFI0:
  25 0004 0C00BEAF 		sw	$fp,12($sp)
  26              	.LCFI1:
  27 0008 21F0A003 		move	$fp,$sp
  28              	.LCFI2:
  55:Microchip_Peripherals/pcache.c **** 	register unsigned long tmp;
  56:Microchip_Peripherals/pcache.c **** 
  57:Microchip_Peripherals/pcache.c **** 	asm("mfc0 %0,$16,0" :  "=r"(tmp));
  29              		.loc 1 57 0
  30              	 #APP
  31              	 # 57 "Microchip_Peripherals/pcache.c" 1
  32 000c 00800240 		mfc0 $2,$16,0
  33              	 # 0 "" 2
  34              	 #NO_APP
  35 0010 0000C2AF 		sw	$2,0($fp)
  58:Microchip_Peripherals/pcache.c **** 	tmp = (tmp & ~7) | 2;
  36              		.loc 1 58 0
  37 0014 F8FF0224 		li	$2,-8			# 0xfffffffffffffff8
  38 0018 0000C38F 		lw	$3,0($fp)
  39 001c 24106200 		and	$2,$3,$2
  40 0020 02004234 		ori	$2,$2,0x2
  41 0024 0000C2AF 		sw	$2,0($fp)
  59:Microchip_Peripherals/pcache.c **** 	asm("mtc0 %0,$16,0" :: "r" (tmp));
  42              		.loc 1 59 0
  43 0028 0000C28F 		lw	$2,0($fp)
  44              	 #APP
  45              	 # 59 "Microchip_Peripherals/pcache.c" 1
  46 002c 00808240 		mtc0 $2,$16,0
  47              	 # 0 "" 2
  60:Microchip_Peripherals/pcache.c **** }
  48              		.loc 1 60 0
  49              	 #NO_APP
  50 0030 21E8C003 		move	$sp,$fp
  51 0034 0C00BE8F 		lw	$fp,12($sp)
  52 0038 0800E003 		addiu	$sp,$sp,16
  53 003c 1000BD27 		j	$31
  54              		.end	CheKseg0CacheOff
  55              	.LFE2:
  57              		.align	2
  58              		.globl	CheKseg0CacheOn
  59              	.LFB3:
  61:Microchip_Peripherals/pcache.c **** 
  62:Microchip_Peripherals/pcache.c **** 
  63:Microchip_Peripherals/pcache.c **** /*********************************************************************
GAS LISTING C:\DOCUME~1\DNadler\LOCALS~1\Temp/cc2Fpaaa.s 			page 3


  64:Microchip_Peripherals/pcache.c ****  * Function:        void cheKseg0CacheOn(void)
  65:Microchip_Peripherals/pcache.c ****  *
  66:Microchip_Peripherals/pcache.c ****  * PreCondition:    None
  67:Microchip_Peripherals/pcache.c ****  * Input:           None
  68:Microchip_Peripherals/pcache.c ****  * Output:          none
  69:Microchip_Peripherals/pcache.c ****  * Side Effects:    Sets the CCA field in the Config register of Co-
  70:Microchip_Peripherals/pcache.c ****  * 					processor 0 to the value "011"b
  71:Microchip_Peripherals/pcache.c ****  * Overview:        This routine is used to enable cacheability of KSEG0.
  72:Microchip_Peripherals/pcache.c ****  *
  73:Microchip_Peripherals/pcache.c ****  * Note:
  74:Microchip_Peripherals/pcache.c ****  *
  75:Microchip_Peripherals/pcache.c ****  ********************************************************************/
  76:Microchip_Peripherals/pcache.c **** void __attribute__ ((nomips16)) CheKseg0CacheOn()
  77:Microchip_Peripherals/pcache.c **** {
  60              		.loc 1 77 0
  61              		.set	nomips16
  62              		.ent	CheKseg0CacheOn
  63              	CheKseg0CacheOn:
  64              		.frame	$fp,16,$31		# vars= 8, regs= 1/0, args= 0, gp= 0
  65              		.mask	0x40000000,-4
  66              		.fmask	0x00000000,0
  67 0040 F0FFBD27 		addiu	$sp,$sp,-16
  68              	.LCFI3:
  69 0044 0C00BEAF 		sw	$fp,12($sp)
  70              	.LCFI4:
  71 0048 21F0A003 		move	$fp,$sp
  72              	.LCFI5:
  78:Microchip_Peripherals/pcache.c **** 	register unsigned long tmp;
  79:Microchip_Peripherals/pcache.c **** 	asm("mfc0 %0,$16,0" :  "=r"(tmp));
  73              		.loc 1 79 0
  74              	 #APP
  75              	 # 79 "Microchip_Peripherals/pcache.c" 1
  76 004c 00800240 		mfc0 $2,$16,0
  77              	 # 0 "" 2
  78              	 #NO_APP
  79 0050 0000C2AF 		sw	$2,0($fp)
  80:Microchip_Peripherals/pcache.c **** 	tmp = (tmp & ~7) | 3;
  80              		.loc 1 80 0
  81 0054 F8FF0224 		li	$2,-8			# 0xfffffffffffffff8
  82 0058 0000C38F 		lw	$3,0($fp)
  83 005c 24106200 		and	$2,$3,$2
  84 0060 03004234 		ori	$2,$2,0x3
  85 0064 0000C2AF 		sw	$2,0($fp)
  81:Microchip_Peripherals/pcache.c **** 	asm("mtc0 %0,$16,0" :: "r" (tmp));
  86              		.loc 1 81 0
  87 0068 0000C28F 		lw	$2,0($fp)
  88              	 #APP
  89              	 # 81 "Microchip_Peripherals/pcache.c" 1
  90 006c 00808240 		mtc0 $2,$16,0
  91              	 # 0 "" 2
  82:Microchip_Peripherals/pcache.c **** }
  92              		.loc 1 82 0
  93              	 #NO_APP
  94 0070 21E8C003 		move	$sp,$fp
  95 0074 0C00BE8F 		lw	$fp,12($sp)
  96 0078 0800E003 		addiu	$sp,$sp,16
  97 007c 1000BD27 		j	$31
GAS LISTING C:\DOCUME~1\DNadler\LOCALS~1\Temp/cc2Fpaaa.s 			page 4


  98              		.end	CheKseg0CacheOn
  99              	.LFE3:
 157              	.Letext0:
GAS LISTING C:\DOCUME~1\DNadler\LOCALS~1\Temp/cc2Fpaaa.s 			page 5


DEFINED SYMBOLS
                            *ABS*:0000000000000000 Microchip_Peripherals/pcache.c
C:\DOCUME~1\DNadler\LOCALS~1\Temp/cc2Fpaaa.s:19     .text:0000000000000000 CheKseg0CacheOff
C:\DOCUME~1\DNadler\LOCALS~1\Temp/cc2Fpaaa.s:63     .text:0000000000000040 CheKseg0CacheOn

NO UNDEFINED SYMBOLS
